SF:lib\core\di\injection_container.dart
DA:17,3
DA:19,1
DA:20,2
DA:21,0
DA:22,2
DA:24,2
DA:26,2
DA:27,0
DA:28,0
DA:29,0
DA:30,0
DA:41,2
DA:42,0
DA:43,0
DA:44,0
DA:48,2
DA:49,0
DA:52,2
DA:53,2
DA:55,1
DA:56,0
DA:57,0
DA:58,0
DA:59,0
LF:24
LH:11
end_of_record
SF:lib\main.dart
DA:10,0
DA:11,0
DA:12,0
DA:13,0
DA:17,1
DA:19,0
DA:21,0
DA:22,0
DA:23,0
DA:24,0
DA:25,0
DA:27,0
DA:29,0
DA:30,0
DA:35,0
DA:42,0
DA:44,0
DA:46,0
DA:47,0
DA:49,0
LF:20
LH:1
end_of_record
SF:lib\features\home\presentation\cubit\home_state.dart
DA:4,1
DA:6,0
DA:7,0
DA:11,1
DA:15,1
DA:21,0
DA:23,0
DA:24,0
DA:30,0
DA:32,0
DA:33,0
DA:39,1
DA:41,0
DA:42,0
LF:14
LH:4
end_of_record
SF:lib\features\home\presentation\cubit\home_cubit.dart
DA:18,0
DA:19,0
DA:21,0
DA:22,0
DA:23,0
DA:24,0
DA:25,0
DA:26,0
DA:27,0
DA:28,0
DA:29,0
DA:30,0
DA:31,0
DA:32,0
DA:33,0
DA:34,0
DA:38,0
DA:41,0
DA:42,0
DA:45,0
DA:48,0
DA:49,0
DA:50,0
DA:51,0
DA:55,0
DA:56,0
DA:59,0
DA:60,0
DA:61,0
DA:62,0
DA:63,0
DA:65,0
DA:70,0
DA:71,0
DA:72,0
DA:73,0
DA:77,0
DA:78,0
DA:79,0
DA:82,0
DA:84,0
DA:85,0
DA:88,0
DA:90,0
DA:91,0
DA:92,0
DA:93,0
LF:47
LH:0
end_of_record
SF:lib\domain\usecases\get_initial_network_info.dart
DA:11,0
DA:13,0
DA:15,0
LF:3
LH:0
end_of_record
SF:lib\core\config\app_config.dart
DA:12,0
DA:24,0
DA:26,0
DA:29,0
DA:31,0
DA:32,0
DA:36,0
DA:38,0
DA:40,0
DA:42,0
LF:10
LH:0
end_of_record
SF:lib\app\navigation\app_router.dart
DA:7,0
DA:9,0
DA:10,0
DA:13,0
DA:15,0
DA:18,0
DA:20,0
DA:23,0
DA:24,0
DA:25,0
LF:10
LH:0
end_of_record
SF:lib\features\diagnostic\presentation\view\diagnostic_screen.dart
DA:10,1
DA:12,0
DA:14,0
DA:15,0
DA:22,1
DA:24,0
DA:26,0
DA:27,0
DA:29,0
DA:30,0
DA:31,0
DA:32,0
DA:33,0
DA:36,0
DA:38,0
DA:42,0
DA:43,0
DA:47,0
DA:53,0
DA:55,0
DA:56,0
DA:70,0
DA:71,0
DA:72,0
DA:75,0
DA:78,0
DA:79,0
DA:80,0
DA:81,0
DA:85,0
DA:98,0
DA:100,0
DA:101,0
DA:102,0
DA:104,0
DA:106,0
DA:108,0
DA:113,0
DA:115,0
DA:118,0
DA:120,0
DA:121,0
DA:122,0
DA:123,0
DA:129,0
DA:130,0
DA:131,0
DA:132,0
DA:140,0
DA:141,0
DA:155,1
DA:157,0
DA:159,0
DA:161,0
DA:163,0
LF:55
LH:3
end_of_record
SF:lib\features\home\presentation\view\home_screen.dart
DA:12,1
DA:14,0
DA:20,0
DA:22,0
DA:24,0
DA:26,0
DA:31,0
DA:32,0
DA:37,0
DA:38,0
DA:39,0
DA:42,0
DA:43,0
DA:49,0
DA:50,0
DA:52,0
DA:55,0
DA:67,0
DA:70,0
DA:71,0
DA:72,0
DA:73,0
DA:76,0
DA:77,0
DA:78,0
DA:80,0
DA:81,0
DA:82,0
DA:83,0
DA:89,0
DA:90,0
DA:94,0
DA:97,0
DA:98,0
DA:101,0
DA:102,0
DA:103,0
DA:104,0
DA:107,0
DA:108,0
DA:112,0
DA:113,0
DA:115,0
DA:116,0
DA:127,0
DA:129,0
DA:131,0
DA:132,0
DA:133,0
DA:134,0
DA:135,0
DA:139,0
DA:143,0
DA:144,0
DA:145,0
DA:147,0
DA:149,0
DA:150,0
DA:151,0
DA:155,0
DA:156,0
DA:157,0
DA:166,0
DA:167,0
DA:168,0
DA:170,0
DA:172,0
DA:173,0
DA:174,0
DA:178,0
DA:179,0
DA:181,0
DA:182,0
DA:192,0
DA:193,0
DA:194,0
DA:196,0
DA:198,0
DA:201,0
DA:202,0
DA:203,0
DA:216,0
DA:217,0
DA:219,0
DA:221,0
DA:222,0
DA:231,0
DA:233,0
DA:236,0
DA:238,0
DA:239,0
DA:241,0
DA:242,0
DA:245,0
DA:247,0
LF:95
LH:1
end_of_record
SF:lib\domain\entities\final_results_entity.dart
DA:11,0
DA:18,0
DA:19,0
DA:20,0
DA:21,0
DA:22,0
DA:23,0
DA:35,1
DA:43,0
DA:44,0
DA:45,0
DA:46,0
DA:47,0
DA:48,0
DA:49,0
DA:64,1
DA:75,0
DA:76,0
DA:77,0
DA:78,0
DA:79,0
DA:80,0
DA:81,0
DA:82,0
DA:83,0
DA:84,0
DA:100,0
DA:112,0
DA:113,0
DA:114,0
DA:115,0
DA:116,0
DA:117,0
DA:118,0
DA:119,0
DA:120,0
DA:121,0
DA:122,0
DA:133,0
DA:140,0
DA:141,0
DA:158,0
DA:160,0
DA:162,0
DA:164,0
DA:166,0
DA:168,0
DA:170,0
DA:172,0
DA:174,0
DA:176,0
LF:51
LH:2
end_of_record
SF:lib\features\results\presentation\results_screen.dart
DA:12,0
DA:14,0
DA:16,0
DA:17,0
DA:19,0
DA:21,0
DA:23,0
DA:25,0
DA:31,0
DA:32,0
DA:33,0
DA:34,0
DA:36,0
DA:37,0
DA:40,0
DA:41,0
DA:42,0
DA:43,0
DA:45,0
DA:46,0
DA:48,0
DA:49,0
DA:50,0
DA:51,0
DA:54,0
DA:56,0
DA:57,0
DA:60,0
DA:62,0
DA:65,0
DA:70,0
DA:72,0
DA:73,0
DA:76,0
DA:78,0
DA:81,0
DA:86,0
DA:88,0
DA:93,0
DA:103,0
DA:105,0
DA:107,0
DA:109,0
DA:110,0
DA:111,0
DA:113,0
DA:115,0
DA:116,0
DA:122,0
DA:136,0
DA:142,0
DA:145,0
DA:147,0
DA:149,0
DA:150,0
DA:151,0
DA:153,0
DA:155,0
DA:156,0
DA:159,0
DA:173,0
DA:175,0
DA:177,0
DA:179,0
DA:180,0
DA:181,0
DA:182,0
DA:183,0
DA:186,0
DA:187,0
DA:191,0
DA:192,0
DA:197,0
DA:198,0
DA:201,0
DA:202,0
DA:206,0
DA:207,0
LF:78
LH:0
end_of_record
SF:lib\core\network\network_info.dart
DA:14,0
DA:16,0
DA:18,0
DA:19,0
DA:22,0
DA:24,0
DA:27,0
DA:29,0
LF:8
LH:0
end_of_record
SF:lib\data\datasources\speed_test_remote_datasource.dart
DA:26,0
DA:28,0
DA:29,0
DA:31,0
DA:33,0
DA:36,0
DA:38,0
DA:41,0
DA:44,0
DA:45,0
DA:46,0
DA:47,0
DA:48,0
DA:49,0
DA:50,0
DA:51,0
DA:53,0
DA:57,0
DA:58,0
DA:64,0
DA:65,0
DA:66,0
DA:68,0
DA:69,0
DA:74,0
DA:77,0
DA:78,0
DA:80,0
DA:81,0
DA:86,0
DA:88,0
DA:90,0
DA:94,0
DA:112,0
DA:113,0
DA:117,0
DA:119,0
DA:120,0
DA:123,0
DA:124,0
DA:126,0
DA:127,0
DA:129,0
DA:130,0
DA:135,0
DA:138,0
DA:142,0
DA:143,0
DA:144,0
DA:145,0
DA:147,0
DA:150,0
DA:152,0
DA:153,0
DA:154,0
DA:155,0
DA:156,0
DA:157,0
DA:158,0
DA:159,0
DA:163,0
DA:169,0
DA:170,0
DA:172,0
DA:176,0
DA:177,0
DA:183,0
DA:189,0
DA:190,0
DA:195,0
DA:196,0
DA:199,0
DA:200,0
DA:201,0
DA:202,0
DA:206,0
DA:212,0
DA:213,0
DA:214,0
DA:216,0
DA:218,0
DA:220,0
DA:222,0
DA:229,0
DA:230,0
DA:231,0
DA:232,0
LF:87
LH:0
end_of_record
SF:lib\data\datasources\network_info_local_datasource.dart
DA:24,0
DA:29,0
DA:31,0
DA:36,0
DA:37,0
DA:41,0
DA:42,0
DA:44,0
DA:49,0
DA:50,0
DA:51,0
DA:52,0
DA:54,0
DA:55,0
DA:57,0
DA:59,0
DA:62,0
DA:63,0
DA:65,0
DA:76,0
DA:78,0
DA:81,0
DA:82,0
DA:83,0
DA:84,0
DA:85,0
DA:86,0
DA:91,0
DA:94,0
DA:95,0
DA:96,0
DA:98,0
DA:99,0
DA:101,0
DA:102,0
DA:103,0
DA:104,0
DA:105,0
DA:107,0
DA:109,0
DA:113,0
DA:115,0
DA:121,0
DA:122,0
DA:124,0
DA:131,0
DA:133,0
DA:134,0
DA:135,0
DA:147,0
LF:50
LH:0
end_of_record
SF:lib\data\repositories\diagnostic_repository_impl.dart
DA:19,0
DA:25,0
DA:28,0
DA:34,0
DA:35,0
DA:36,0
DA:37,0
DA:38,0
DA:39,0
DA:41,0
DA:42,0
DA:46,0
DA:49,0
DA:55,0
DA:59,0
DA:62,0
DA:66,0
DA:69,0
DA:73,0
DA:76,0
DA:77,0
DA:78,0
DA:80,0
DA:81,0
DA:82,0
DA:83,0
DA:85,0
DA:89,0
DA:103,0
DA:104,0
DA:106,0
DA:107,0
DA:111,0
DA:115,0
DA:116,0
DA:117,0
DA:118,0
DA:119,0
DA:120,0
DA:122,0
DA:123,0
DA:127,0
DA:131,0
DA:132,0
DA:133,0
DA:134,0
DA:136,0
DA:140,0
DA:146,0
DA:150,0
DA:155,0
DA:159,0
DA:165,0
LF:53
LH:0
end_of_record
SF:lib\features\diagnostic\presentation\cubit\diagnostic_state.dart
DA:14,1
DA:22,0
DA:27,0
DA:28,0
DA:29,0
DA:30,0
DA:31,0
DA:32,0
DA:36,0
DA:37,0
DA:48,1
DA:57,0
DA:83,0
DA:92,0
DA:94,0
DA:96,0
DA:97,0
DA:98,0
DA:99,0
DA:100,0
DA:102,0
DA:106,0
DA:107,0
DA:108,0
DA:109,0
DA:110,0
DA:111,0
DA:112,0
DA:113,0
LF:29
LH:2
end_of_record
SF:lib\features\diagnostic\presentation\cubit\diagnostic_cubit.dart
DA:9,0
DA:11,0
DA:12,0
DA:13,0
DA:15,0
DA:17,0
DA:18,0
DA:19,0
DA:23,0
DA:26,0
DA:27,0
DA:28,0
DA:29,0
DA:30,0
DA:31,0
DA:32,0
DA:33,0
DA:37,0
DA:41,0
DA:43,0
DA:44,0
DA:45,0
DA:50,0
DA:51,0
DA:55,0
DA:58,0
DA:59,0
DA:60,0
DA:61,0
DA:62,0
DA:63,0
DA:64,0
DA:65,0
DA:66,0
DA:70,0
DA:74,0
DA:77,0
DA:78,0
DA:79,0
DA:80,0
DA:84,0
DA:85,0
DA:89,0
DA:90,0
DA:92,0
DA:93,0
DA:95,0
DA:96,0
DA:100,0
DA:103,0
DA:105,0
DA:107,0
DA:108,0
DA:109,0
DA:112,0
DA:113,0
DA:127,0
DA:133,0
DA:134,0
DA:139,0
LF:60
LH:0
end_of_record
SF:lib\core\error\exceptions.dart
DA:5,0
DA:11,0
DA:17,0
DA:23,0
DA:29,1
DA:35,1
LF:6
LH:2
end_of_record
SF:lib\core\error\failures.dart
DA:6,1
DA:8,0
DA:9,0
DA:16,0
DA:18,0
DA:19,0
DA:25,0
DA:27,0
DA:28,0
DA:34,1
DA:36,0
DA:37,0
DA:43,0
DA:45,0
DA:46,0
DA:52,0
DA:54,0
DA:55,0
DA:61,0
DA:63,0
DA:64,0
LF:21
LH:2
end_of_record
SF:lib\core\usecases\usecase.dart
DA:10,1
LF:1
LH:1
end_of_record
SF:lib\data\models\final_results_model.dart
DA:6,0
DA:13,0
DA:14,0
DA:15,0
DA:16,0
DA:17,0
DA:18,0
DA:22,0
DA:23,0
DA:24,0
DA:25,0
DA:26,0
DA:27,0
DA:31,0
DA:32,0
DA:33,0
DA:34,0
DA:35,0
DA:36,0
DA:43,0
DA:51,0
DA:52,0
DA:53,0
DA:54,0
DA:55,0
DA:56,0
DA:57,0
DA:61,0
DA:62,0
DA:63,0
DA:64,0
DA:65,0
DA:66,0
DA:67,0
DA:74,0
DA:85,0
DA:86,0
DA:87,0
DA:88,0
DA:89,0
DA:90,0
DA:91,0
DA:92,0
DA:93,0
DA:94,0
DA:98,0
DA:99,0
DA:100,0
DA:101,0
DA:102,0
DA:103,0
DA:104,0
DA:105,0
DA:106,0
DA:107,0
DA:114,0
DA:126,0
DA:127,0
DA:128,0
DA:129,0
DA:130,0
DA:131,0
DA:132,0
DA:133,0
DA:134,0
DA:135,0
DA:136,0
DA:140,0
DA:141,0
DA:142,0
DA:143,0
DA:144,0
DA:145,0
DA:146,0
DA:147,0
DA:148,0
DA:149,0
DA:150,0
DA:157,0
DA:164,0
DA:165,0
DA:166,0
DA:167,0
DA:168,0
DA:170,0
DA:171,0
DA:172,0
DA:176,0
DA:177,0
DA:178,0
DA:179,0
DA:180,0
DA:181,0
LF:93
LH:0
end_of_record
SF:lib\domain\entities\advice_entity.dart
DA:12,1
DA:19,0
DA:20,0
LF:3
LH:1
end_of_record
SF:lib\domain\services\advice_service.dart
DA:9,0
DA:13,0
DA:14,0
DA:16,0
DA:17,0
DA:18,0
DA:22,0
DA:23,0
DA:35,0
DA:39,0
DA:40,0
DA:42,0
DA:43,0
DA:44,0
DA:45,0
DA:46,0
DA:50,0
DA:54,0
DA:56,0
DA:57,0
DA:58,0
DA:66,0
DA:68,0
DA:69,0
DA:70,0
DA:72,0
DA:74,0
DA:75,0
DA:77,0
DA:80,0
DA:82,0
LF:31
LH:0
end_of_record
SF:lib\features\diagnostic\presentation\view\widgets\test_item_card.dart
DA:8,0
DA:10,0
DA:11,0
DA:18,0
DA:20,0
DA:21,0
DA:24,0
DA:27,0
DA:29,0
DA:30,0
DA:33,0
DA:35,0
DA:37,0
DA:39,0
DA:40,0
DA:41,0
DA:42,0
DA:44,0
DA:45,0
DA:46,0
DA:49,0
DA:50,0
DA:53,0
DA:56,0
DA:57,0
DA:59,0
DA:60,0
DA:61,0
DA:62,0
DA:65,0
DA:68,0
DA:69,0
DA:70,0
DA:71,0
DA:73,0
DA:77,0
DA:92,0
DA:94,0
DA:95,0
DA:98,0
DA:105,0
DA:106,0
DA:107,0
DA:108,0
DA:112,0
DA:113,0
DA:116,0
DA:117,0
DA:120,0
DA:123,0
DA:125,0
DA:126,0
DA:127,0
DA:135,0
DA:136,0
DA:144,0
DA:145,0
DA:153,0
DA:154,0
DA:174,0
LF:60
LH:0
end_of_record
SF:lib\features\home\presentation\view\widgets\diagnostic_button.dart
DA:11,0
DA:18,0
DA:20,0
DA:21,0
DA:23,0
DA:24,0
DA:26,0
DA:27,0
DA:29,0
DA:30,0
DA:32,0
DA:33,0
DA:34,0
DA:36,0
DA:37,0
DA:39,0
DA:40,0
DA:41,0
DA:42,0
DA:46,0
DA:47,0
LF:21
LH:0
end_of_record
SF:lib\features\home\presentation\view\widgets\network_info_card.dart
DA:9,0
DA:11,0
DA:13,0
DA:14,0
DA:16,0
DA:17,0
DA:19,0
DA:20,0
DA:21,0
DA:22,0
DA:24,0
DA:27,0
DA:28,0
DA:30,0
DA:31,0
DA:32,0
DA:34,0
DA:35,0
DA:40,0
DA:51,0
DA:52,0
DA:54,0
DA:57,0
DA:62,0
DA:65,0
DA:82,0
DA:84,0
DA:86,0
DA:88,0
DA:89,0
DA:90,0
DA:94,0
DA:95,0
LF:33
LH:0
end_of_record
SF:lib\features\home\presentation\view\widgets\quick_tips_card.dart
DA:7,1
DA:9,0
DA:11,0
DA:13,0
DA:16,0
DA:17,0
DA:19,0
DA:21,0
DA:36,0
DA:46,0
DA:48,0
DA:50,0
DA:52,0
DA:54,0
DA:55,0
DA:65,0
DA:66,0
DA:67,0
LF:18
LH:1
end_of_record
SF:lib\features\home\presentation\view\widgets\rotating_info_card.dart
DA:7,1
DA:9,0
DA:10,0
DA:27,0
DA:29,0
DA:30,0
DA:35,0
DA:36,0
DA:37,0
DA:42,0
DA:43,0
DA:47,0
DA:48,0
DA:49,0
DA:50,0
DA:51,0
DA:52,0
DA:54,0
DA:59,0
DA:61,0
DA:62,0
DA:63,0
DA:66,0
DA:68,0
DA:72,0
DA:73,0
DA:76,0
DA:78,0
DA:79,0
DA:80,0
DA:81,0
DA:84,0
DA:85,0
DA:95,0
DA:97,0
DA:98,0
DA:99,0
DA:100,0
LF:38
LH:1
end_of_record
SF:lib\l10n\app_localizations.dart
DA:64,0
DA:65,0
DA:69,0
DA:70,0
DA:118,1
DA:120,0
DA:122,0
DA:125,0
DA:127,0
DA:129,0
DA:133,0
DA:135,0
DA:136,0
DA:137,0
DA:140,0
LF:15
LH:1
end_of_record
SF:lib\features\home\presentation\view\widgets\signal_strength_text.dart
DA:8,0
DA:10,0
DA:11,0
DA:12,0
DA:13,0
DA:17,0
DA:19,0
DA:21,0
DA:23,0
DA:28,0
DA:30,0
DA:32,0
DA:34,0
DA:39,0
DA:41,0
DA:42,0
DA:43,0
DA:44,0
DA:47,0
LF:19
LH:0
end_of_record
SF:lib\features\results\presentation\view\widgets\advice_card.dart
DA:7,0
DA:9,0
DA:11,0
DA:12,0
DA:14,0
DA:15,0
DA:16,0
DA:18,0
DA:20,0
DA:21,0
DA:23,0
DA:24,0
DA:26,0
DA:27,0
DA:28,0
DA:29,0
DA:32,0
DA:35,0
DA:36,0
DA:37,0
DA:38,0
DA:48,0
DA:50,0
DA:51,0
DA:57,0
DA:58,0
DA:64,0
DA:65,0
DA:71,0
DA:72,0
DA:89,0
LF:31
LH:0
end_of_record
SF:lib\l10n\app_localizations_pt.dart
DA:9,0
DA:11,0
DA:14,0
DA:17,0
LF:4
LH:0
end_of_record
