SF:lib\core\error\exceptions.dart
DA:4,0
DA:10,0
DA:16,2
DA:22,0
DA:28,3
DA:34,2
LF:6
LH:3
end_of_record
SF:lib\core\error\failures.dart
DA:6,2
DA:8,0
DA:9,0
DA:13,1
DA:17,0
DA:21,2
DA:25,0
DA:29,2
DA:33,0
LF:9
LH:4
end_of_record
SF:lib\core\network\network_info.dart
DA:12,1
DA:14,0
DA:16,0
DA:17,0
DA:20,0
DA:22,0
DA:25,0
DA:27,0
LF:8
LH:1
end_of_record
SF:lib\data\datasources\device_info_local_datasource.dart
DA:16,1
DA:18,0
DA:22,0
DA:23,0
DA:24,0
DA:25,0
DA:27,0
DA:32,0
DA:33,0
DA:34,0
DA:35,0
DA:36,0
DA:38,0
DA:41,0
DA:42,0
DA:43,0
DA:44,0
DA:47,0
DA:60,0
LF:19
LH:1
end_of_record
SF:lib\data\datasources\network_info_local_datasource.dart
DA:25,1
DA:30,0
DA:45,0
DA:50,0
DA:51,0
DA:55,0
DA:56,0
DA:57,0
DA:58,0
DA:60,0
DA:67,0
DA:68,0
DA:69,0
DA:70,0
DA:74,0
DA:75,0
DA:76,0
DA:77,0
DA:79,0
DA:80,0
DA:85,0
DA:86,0
DA:88,0
DA:90,0
DA:93,0
DA:104,0
DA:106,0
DA:109,0
DA:112,0
DA:113,0
DA:114,0
DA:115,0
DA:116,0
DA:121,0
DA:123,0
DA:124,0
DA:127,0
DA:135,0
DA:136,0
DA:137,0
DA:140,0
DA:144,0
DA:148,0
DA:150,0
DA:151,0
DA:152,0
DA:153,0
DA:154,0
DA:156,0
DA:158,0
DA:162,0
DA:164,0
DA:170,0
DA:173,0
DA:175,0
DA:182,0
DA:184,0
DA:185,0
DA:186,0
DA:198,0
LF:60
LH:1
end_of_record
SF:lib\data\datasources\speed_test_remote_datasource.dart
DA:19,1
DA:21,1
DA:22,1
DA:23,1
DA:24,2
DA:41,1
DA:42,2
DA:43,1
DA:44,1
DA:45,1
DA:46,2
DA:47,2
DA:48,2
DA:49,2
DA:50,1
DA:51,1
DA:53,1
DA:55,1
DA:56,2
DA:76,2
DA:78,4
DA:79,10
DA:82,2
DA:83,0
DA:85,6
DA:90,1
DA:92,1
DA:93,2
DA:94,2
DA:96,1
DA:97,2
DA:100,0
DA:102,1
DA:105,1
DA:108,1
DA:109,2
DA:110,3
DA:112,6
DA:113,0
DA:114,0
DA:115,0
DA:116,0
DA:122,1
DA:123,1
DA:124,1
DA:127,1
DA:128,2
DA:129,1
DA:138,0
DA:139,0
DA:140,0
DA:141,0
DA:143,0
DA:145,0
DA:146,0
DA:150,0
DA:152,0
DA:156,0
DA:158,0
DA:161,0
DA:162,0
DA:165,0
DA:166,0
DA:168,0
DA:180,0
DA:183,0
DA:184,0
DA:186,0
DA:187,0
DA:189,0
DA:190,0
DA:193,0
DA:194,0
DA:195,0
DA:197,0
DA:198,0
DA:201,0
DA:203,0
DA:206,0
DA:208,0
DA:209,0
DA:212,0
DA:213,0
DA:217,0
DA:218,0
DA:219,0
DA:223,0
DA:224,0
DA:225,0
DA:226,0
DA:228,0
DA:232,3
DA:233,1
DA:238,0
DA:239,0
DA:241,0
DA:244,0
DA:248,0
DA:250,0
DA:253,2
DA:255,2
DA:258,2
DA:259,4
DA:262,4
DA:263,4
DA:266,2
DA:268,0
DA:273,4
DA:276,2
DA:277,2
DA:278,2
DA:279,4
DA:282,4
DA:286,1
DA:287,2
DA:290,2
DA:293,2
DA:294,1
DA:297,2
DA:300,2
DA:302,1
DA:304,1
DA:309,3
DA:312,2
DA:336,1
DA:337,1
DA:338,2
DA:339,1
DA:340,2
DA:341,2
DA:342,1
DA:343,1
DA:345,2
DA:346,0
DA:348,0
DA:349,0
DA:350,0
DA:352,0
DA:355,1
DA:358,1
DA:359,1
DA:360,2
DA:361,0
DA:362,0
DA:365,0
DA:368,0
DA:369,0
DA:370,0
DA:372,0
DA:373,0
DA:374,0
DA:376,0
DA:378,0
DA:379,0
DA:382,0
DA:387,0
DA:388,0
DA:389,0
DA:391,0
DA:392,0
DA:393,0
DA:394,0
DA:396,0
DA:400,0
DA:401,0
DA:402,0
DA:404,0
DA:406,0
DA:407,0
DA:410,0
DA:413,0
DA:414,0
DA:419,0
DA:420,0
DA:421,0
DA:424,1
DA:426,5
DA:429,2
DA:430,1
DA:431,1
DA:435,0
DA:436,0
DA:439,1
DA:441,5
DA:442,3
DA:445,2
DA:447,0
DA:453,2
DA:454,6
DA:456,1
DA:457,1
DA:458,0
DA:459,0
DA:461,1
DA:462,2
DA:463,9
DA:464,2
DA:466,0
DA:468,0
DA:470,0
DA:473,0
DA:476,0
DA:477,0
DA:478,0
DA:482,0
DA:486,0
DA:487,0
DA:489,0
DA:490,0
DA:491,0
DA:492,0
DA:494,0
DA:495,0
DA:496,0
DA:499,0
DA:500,0
DA:501,0
DA:503,0
DA:504,0
DA:506,0
DA:507,0
DA:512,0
DA:514,0
DA:519,0
DA:520,0
DA:521,0
DA:523,0
DA:524,0
DA:525,0
DA:529,0
DA:531,0
DA:532,0
DA:533,0
DA:536,0
DA:537,0
DA:539,0
DA:541,0
DA:543,0
DA:545,0
DA:547,0
DA:552,0
DA:555,1
DA:557,5
DA:558,2
DA:559,4
DA:560,4
DA:561,4
DA:562,4
DA:563,4
DA:564,5
DA:567,4
DA:569,0
DA:574,1
DA:576,2
DA:577,1
DA:579,1
DA:580,1
DA:581,1
DA:582,1
DA:583,1
DA:584,2
DA:585,1
DA:586,1
DA:587,1
DA:591,2
DA:592,4
DA:593,4
DA:594,4
DA:595,4
DA:598,2
DA:599,2
DA:600,2
DA:603,0
DA:607,2
DA:608,1
DA:610,2
DA:611,1
DA:614,0
DA:615,0
DA:619,0
DA:620,0
DA:622,0
DA:624,0
DA:626,0
DA:627,0
DA:629,0
DA:632,2
DA:633,10
DA:634,3
DA:635,3
DA:636,2
DA:637,8
DA:638,2
DA:639,0
DA:642,3
DA:645,1
DA:646,2
DA:649,6
DA:650,1
DA:653,1
DA:655,2
DA:656,4
DA:657,5
DA:658,3
DA:659,3
DA:662,3
DA:663,1
DA:667,1
DA:671,2
DA:672,2
DA:675,5
DA:679,2
LF:312
LH:157
end_of_record
SF:lib\data\models\final_results_model.dart
DA:11,1
DA:18,0
DA:19,0
DA:20,0
DA:21,0
DA:22,0
DA:23,0
DA:27,0
DA:28,0
DA:29,0
DA:30,0
DA:31,0
DA:32,0
DA:36,0
DA:37,0
DA:38,0
DA:39,0
DA:40,0
DA:41,0
LF:19
LH:1
end_of_record
SF:lib\data\repositories\diagnostic_repository_impl.dart
DA:20,2
DA:27,1
DA:30,2
DA:35,2
DA:39,1
DA:42,2
DA:43,2
DA:47,1
DA:50,2
DA:51,2
DA:55,1
DA:58,2
DA:60,2
DA:61,1
DA:63,3
DA:64,2
DA:66,1
DA:67,1
DA:68,1
DA:69,2
DA:70,2
DA:73,2
DA:80,0
DA:81,0
DA:82,0
DA:83,0
DA:84,0
DA:85,0
DA:87,0
DA:91,0
DA:93,0
DA:94,0
DA:95,0
DA:96,0
DA:97,0
DA:98,0
DA:99,0
DA:100,0
DA:101,0
DA:102,0
DA:104,0
DA:108,0
DA:110,0
DA:111,0
DA:114,0
DA:118,0
DA:120,0
DA:123,0
DA:125,0
DA:128,0
DA:130,0
DA:133,0
DA:138,0
DA:142,0
DA:147,0
DA:151,0
DA:156,0
DA:160,1
DA:162,2
LF:59
LH:24
end_of_record
SF:lib\domain\entities\diagnostic_flow.dart
DA:19,0
DA:21,0
DA:23,0
DA:25,0
DA:27,0
DA:29,0
DA:31,0
DA:33,0
DA:35,0
DA:37,0
DA:39,0
DA:41,0
DA:48,3
DA:50,0
DA:51,0
DA:61,3
DA:69,0
DA:70,0
DA:76,2
DA:78,0
DA:79,0
LF:21
LH:3
end_of_record
SF:lib\domain\entities\final_results_entity.dart
DA:9,2
DA:16,0
DA:17,0
DA:18,0
DA:19,0
DA:20,0
DA:21,0
DA:32,2
DA:40,0
DA:41,0
DA:42,0
DA:43,0
DA:44,0
DA:45,0
DA:46,0
DA:60,2
DA:71,0
DA:72,0
DA:73,0
DA:74,0
DA:75,0
DA:76,0
DA:77,0
DA:78,0
DA:79,0
DA:80,0
DA:95,3
DA:107,0
DA:108,0
DA:109,0
DA:110,0
DA:111,0
DA:112,0
DA:113,0
DA:114,0
DA:115,0
DA:116,0
DA:117,0
LF:38
LH:4
end_of_record
SF:lib\core\config\app_config.dart
DA:13,3
DA:26,1
DA:28,2
DA:31,1
DA:33,2
DA:34,2
DA:38,1
DA:40,1
DA:42,1
DA:44,1
LF:10
LH:10
end_of_record
SF:lib\data\models\device_info_model.dart
DA:4,1
DA:12,1
DA:13,1
DA:14,1
DA:15,1
DA:16,1
DA:17,1
DA:18,1
DA:22,0
DA:23,0
DA:24,0
DA:25,0
DA:26,0
DA:27,0
DA:28,0
DA:32,0
DA:33,0
DA:34,0
DA:35,0
DA:36,0
DA:37,0
DA:38,0
LF:22
LH:8
end_of_record
SF:lib\data\models\network_info_model.dart
DA:4,1
DA:15,1
DA:16,1
DA:17,1
DA:18,1
DA:19,1
DA:20,1
DA:21,1
DA:22,1
DA:23,1
DA:24,1
DA:28,0
DA:29,0
DA:30,0
DA:31,0
DA:32,0
DA:33,0
DA:34,0
DA:35,0
DA:36,0
DA:37,0
DA:41,0
DA:42,0
DA:43,0
DA:44,0
DA:45,0
DA:46,0
DA:47,0
DA:48,0
DA:49,0
DA:50,0
LF:31
LH:11
end_of_record
SF:lib\data\models\speed_test_result_model.dart
DA:4,2
DA:16,1
DA:17,1
DA:18,1
DA:19,1
DA:20,1
DA:21,1
DA:22,1
DA:23,1
DA:24,1
DA:25,1
DA:26,1
DA:30,0
DA:31,0
DA:32,0
DA:33,0
DA:34,0
DA:35,0
DA:36,0
DA:37,0
DA:38,0
DA:39,0
DA:40,0
DA:44,0
DA:45,0
DA:46,0
DA:47,0
DA:48,0
DA:49,0
DA:50,0
DA:51,0
DA:52,0
DA:53,0
DA:54,0
LF:34
LH:12
end_of_record
SF:lib\core\usecases\usecase.dart
DA:10,2
LF:1
LH:1
end_of_record
SF:lib\domain\usecases\run_diagnostic_test.dart
DA:13,1
DA:15,1
DA:17,2
DA:21,2
DA:22,2
DA:25,1
DA:29,2
DA:30,1
DA:32,4
LF:9
LH:9
end_of_record
SF:lib\features\home\presentation\cubit\home_state.dart
DA:4,2
DA:6,1
DA:7,1
DA:11,2
DA:15,2
DA:21,0
DA:23,0
DA:24,0
DA:30,1
DA:32,1
DA:33,2
DA:39,2
DA:41,0
DA:42,0
LF:14
LH:9
end_of_record
SF:lib\features\home\presentation\cubit\home_cubit.dart
DA:19,0
DA:20,0
DA:22,0
DA:23,0
DA:24,0
DA:25,0
DA:26,0
DA:27,0
DA:28,0
DA:29,0
DA:30,0
DA:31,0
DA:32,0
DA:33,0
DA:37,0
DA:40,0
DA:41,0
DA:44,0
DA:47,0
DA:48,0
DA:49,0
DA:50,0
DA:54,0
DA:55,0
DA:58,0
DA:59,0
DA:60,0
DA:61,0
DA:62,0
DA:64,0
DA:69,0
DA:70,0
DA:71,0
DA:72,0
DA:76,0
DA:77,0
DA:78,0
DA:81,0
DA:83,0
DA:84,0
DA:87,0
DA:88,0
DA:91,0
DA:94,0
DA:97,0
DA:98,0
DA:99,0
DA:102,0
LF:48
LH:0
end_of_record
SF:lib\core\di\injection_container.dart
DA:23,3
DA:25,1
DA:27,2
DA:30,0
DA:34,2
DA:35,0
DA:36,4
DA:37,2
DA:38,2
DA:39,2
DA:42,2
DA:45,2
DA:46,2
DA:49,0
DA:52,4
DA:54,2
DA:55,2
DA:56,2
DA:57,2
DA:58,2
DA:59,2
DA:63,2
DA:64,2
DA:65,2
DA:69,2
DA:70,2
DA:71,2
DA:72,2
DA:76,2
DA:77,4
DA:80,6
DA:81,3
DA:84,2
DA:85,2
DA:90,3
DA:91,1
DA:94,1
DA:95,2
DA:96,4
DA:97,4
DA:98,4
LF:41
LH:38
end_of_record
SF:lib\domain\usecases\get_initial_network_info.dart
DA:11,0
DA:13,0
DA:15,0
LF:3
LH:0
end_of_record
SF:lib\features\diagnostic\presentation\cubit\diagnostic_state.dart
DA:14,2
DA:22,1
DA:27,1
DA:28,1
DA:29,1
DA:30,0
DA:31,0
DA:32,0
DA:36,1
DA:37,6
DA:48,2
DA:56,1
DA:70,1
DA:78,1
DA:79,1
DA:80,1
DA:81,1
DA:82,1
DA:83,1
DA:87,1
DA:88,1
DA:89,1
DA:90,1
DA:91,1
DA:92,1
DA:93,1
LF:26
LH:23
end_of_record
SF:lib\features\diagnostic\presentation\cubit\diagnostic_cubit.dart
DA:22,1
DA:26,0
DA:27,2
DA:37,1
DA:38,1
DA:39,3
DA:43,2
DA:44,1
DA:45,0
DA:46,1
DA:47,2
DA:48,1
DA:49,1
DA:50,0
DA:51,2
DA:54,0
DA:55,0
DA:56,0
DA:58,1
DA:59,1
DA:60,1
DA:67,0
DA:68,0
DA:69,0
DA:70,0
DA:71,0
DA:72,0
DA:75,0
DA:77,0
DA:82,1
DA:83,1
DA:84,1
DA:85,1
DA:86,1
DA:90,1
DA:91,3
DA:92,0
DA:93,0
DA:97,1
DA:98,1
DA:100,3
DA:101,7
DA:102,7
DA:103,7
DA:104,7
DA:105,3
DA:108,3
DA:112,1
DA:117,1
DA:119,2
DA:125,1
DA:126,4
DA:128,2
DA:130,3
DA:134,3
DA:136,3
DA:143,1
DA:144,3
DA:145,1
DA:148,2
DA:157,1
DA:159,2
DA:160,1
DA:161,1
LF:64
LH:48
end_of_record
SF:lib\features\diagnostic\presentation\mock\mock_run_diagnostic_test_usecase.dart
DA:10,2
DA:12,1
DA:15,1
DA:17,1
DA:19,3
DA:23,1
DA:25,1
DA:28,1
DA:30,1
DA:32,1
DA:35,1
DA:37,1
DA:40,1
DA:42,1
DA:45,1
DA:47,1
DA:50,1
DA:52,1
DA:55,1
DA:57,1
DA:60,1
DA:61,1
DA:73,1
DA:79,2
DA:80,1
DA:85,3
DA:87,0
DA:89,1
DA:90,1
DA:92,1
DA:94,2
LF:31
LH:30
end_of_record
SF:lib\features\diagnostic\presentation\utils\progress_calculator.dart
DA:8,2
DA:10,0
DA:11,0
DA:13,0
DA:14,0
DA:20,1
DA:22,1
DA:23,1
DA:37,1
DA:38,1
DA:39,2
DA:42,1
DA:43,2
DA:44,0
DA:45,1
DA:46,5
DA:49,0
DA:50,0
DA:51,0
DA:52,0
DA:53,0
DA:54,0
DA:56,1
DA:57,1
DA:58,5
DA:59,3
DA:60,0
DA:64,0
DA:65,0
LF:29
LH:15
end_of_record
